# JRE version: OpenJDK Runtime Environment Temurin-21.0.2+13 (21.0.2+13) (build 21.0.2+13-LTS)
# Java VM: OpenJDK 64-Bit Server VM Temurin-21.0.2+13 (21.0.2+13-LTS, mixed mode, sharing, tiered, compressed oops, compressed class ptrs, g1 gc, windows-amd64)
GC Precious Log:
 CardTable entry size: 512
 Card Set container configuration: InlinePtr #cards 4 size 8 Array Of Cards #cards 16 size 48 Howl #buckets 8 coarsen threshold 3686 Howl Bitmap #cards 512 size 80 coarsen threshold 460 Card regions per heap region 1 cards per card region 4096
 CPUs: 12 total, 12 available
 Memory: 16106M
 Large Page Support: Disabled
 NUMA Support: Disabled
 Compressed Oops: Enabled (Zero based)
 Heap Region Size: 2M
 Heap Min Capacity: 8M
 Heap Initial Capacity: 252M
 Heap Max Capacity: 4028M
 Pre-touch: Disabled
 Parallel Workers: 10
 Concurrent Workers: 3
 Concurrent Refinement Workers: 10
 Periodic GC: Disabled
Heap:
 garbage-first heap   total 518144K, used 445616K [0x0000000704400000, 0x0000000800000000)
  region size 2048K, 2 young (4096K), 1 survivors (2048K)
 Metaspace       used 17716K, committed 17984K, reserved 1114112K
  class space    used 1846K, committed 1984K, reserved 1048576K
GC Heap History (20 events):
Event: 11.970 GC heap before
{Heap before GC invocations=3 (full 0):
 garbage-first heap   total 258048K, used 129964K [0x0000000704400000, 0x0000000800000000)
  region size 2048K, 7 young (14336K), 3 survivors (6144K)
 Metaspace       used 17663K, committed 17920K, reserved 1114112K
  class space    used 1846K, committed 1984K, reserved 1048576K
}
Event: 11.972 GC heap after
{Heap after GC invocations=4 (full 0):
 garbage-first heap   total 258048K, used 123506K [0x0000000704400000, 0x0000000800000000)
  region size 2048K, 3 young (6144K), 3 survivors (6144K)
 Metaspace       used 17663K, committed 17920K, reserved 1114112K
  class space    used 1846K, committed 1984K, reserved 1048576K
}
Event: 12.004 GC heap before
{Heap before GC invocations=5 (full 0):
 garbage-first heap   total 258048K, used 133746K [0x0000000704400000, 0x0000000800000000)
  region size 2048K, 7 young (14336K), 3 survivors (6144K)
 Metaspace       used 17663K, committed 17920K, reserved 1114112K
  class space    used 1846K, committed 1984K, reserved 1048576K
}
Event: 12.006 GC heap after
{Heap after GC invocations=6 (full 0):
 garbage-first heap   total 258048K, used 128254K [0x0000000704400000, 0x0000000800000000)
  region size 2048K, 4 young (8192K), 4 survivors (8192K)
 Metaspace       used 17663K, committed 17920K, reserved 1114112K
  class space    used 1846K, committed 1984K, reserved 1048576K
}
Event: 12.210 GC heap before
{Heap before GC invocations=7 (full 0):
 garbage-first heap   total 258048K, used 169214K [0x0000000704400000, 0x0000000800000000)
  region size 2048K, 24 young (49152K), 4 survivors (8192K)
 Metaspace       used 17663K, committed 17920K, reserved 1114112K
  class space    used 1846K, committed 1984K, reserved 1048576K
}
Event: 12.214 GC heap after
{Heap after GC invocations=8 (full 0):
 garbage-first heap   total 258048K, used 157601K [0x0000000704400000, 0x0000000800000000)
  region size 2048K, 7 young (14336K), 7 survivors (14336K)
 Metaspace       used 17663K, committed 17920K, reserved 1114112K
  class space    used 1846K, committed 1984K, reserved 1048576K
}
Event: 12.318 GC heap before
{Heap before GC invocations=9 (full 0):
 garbage-first heap   total 280576K, used 176033K [0x0000000704400000, 0x0000000800000000)
  region size 2048K, 13 young (26624K), 7 survivors (14336K)
 Metaspace       used 17664K, committed 17920K, reserved 1114112K
  class space    used 1846K, committed 1984K, reserved 1048576K
}
Event: 12.321 GC heap after
{Heap after GC invocations=10 (full 0):
 garbage-first heap   total 280576K, used 170960K [0x0000000704400000, 0x0000000800000000)
  region size 2048K, 6 young (12288K), 6 survivors (12288K)
 Metaspace       used 17664K, committed 17920K, reserved 1114112K
  class space    used 1846K, committed 1984K, reserved 1048576K
}
Event: 12.597 GC heap before
{Heap before GC invocations=11 (full 0):
 garbage-first heap   total 294912K, used 293840K [0x0000000704400000, 0x0000000800000000)
  region size 2048K, 32 young (65536K), 6 survivors (12288K)
 Metaspace       used 17673K, committed 17920K, reserved 1114112K
  class space    used 1846K, committed 1984K, reserved 1048576K
}
Event: 12.601 GC heap after
{Heap after GC invocations=12 (full 0):
 garbage-first heap   total 307200K, used 235425K [0x0000000704400000, 0x0000000800000000)
  region size 2048K, 6 young (12288K), 6 survivors (12288K)
 Metaspace       used 17673K, committed 17920K, reserved 1114112K
  class space    used 1846K, committed 1984K, reserved 1048576K
}
Event: 12.784 GC heap before
{Heap before GC invocations=12 (full 0):
 garbage-first heap   total 307200K, used 305057K [0x0000000704400000, 0x0000000800000000)
  region size 2048K, 24 young (49152K), 6 survivors (12288K)
 Metaspace       used 17677K, committed 17920K, reserved 1114112K
  class space    used 1846K, committed 1984K, reserved 1048576K
}
Event: 12.788 GC heap after
{Heap after GC invocations=13 (full 0):
 garbage-first heap   total 444416K, used 268998K [0x0000000704400000, 0x0000000800000000)
  region size 2048K, 1 young (2048K), 1 survivors (2048K)
 Metaspace       used 17677K, committed 17920K, reserved 1114112K
  class space    used 1846K, committed 1984K, reserved 1048576K
}
Event: 12.837 GC heap before
{Heap before GC invocations=13 (full 0):
 garbage-first heap   total 444416K, used 281286K [0x0000000704400000, 0x0000000800000000)
  region size 2048K, 8 young (16384K), 1 survivors (2048K)
 Metaspace       used 17683K, committed 17984K, reserved 1114112K
  class space    used 1846K, committed 1984K, reserved 1048576K
}
Event: 12.838 GC heap after
{Heap after GC invocations=14 (full 0):
 garbage-first heap   total 444416K, used 270393K [0x0000000704400000, 0x0000000800000000)
  region size 2048K, 2 young (4096K), 2 survivors (4096K)
 Metaspace       used 17683K, committed 17984K, reserved 1114112K
  class space    used 1846K, committed 1984K, reserved 1048576K
}
Event: 13.260 GC heap before
{Heap before GC invocations=15 (full 0):
 garbage-first heap   total 491520K, used 490600K [0x0000000704400000, 0x0000000800000000)
  region size 2048K, 56 young (114688K), 2 survivors (4096K)
 Metaspace       used 17693K, committed 17984K, reserved 1114112K
  class space    used 1846K, committed 1984K, reserved 1048576K
}
Event: 13.263 GC heap after
{Heap after GC invocations=16 (full 0):
 garbage-first heap   total 495616K, used 380835K [0x0000000704400000, 0x0000000800000000)
  region size 2048K, 2 young (4096K), 2 survivors (4096K)
 Metaspace       used 17693K, committed 17984K, reserved 1114112K
  class space    used 1846K, committed 1984K, reserved 1048576K
}
Event: 13.583 GC heap before
{Heap before GC invocations=16 (full 0):
 garbage-first heap   total 499712K, used 497571K [0x0000000704400000, 0x0000000800000000)
  region size 2048K, 36 young (73728K), 2 survivors (4096K)
 Metaspace       used 17714K, committed 17984K, reserved 1114112K
  class space    used 1846K, committed 1984K, reserved 1048576K
}
Event: 13.587 GC heap after
{Heap after GC invocations=17 (full 0):
 garbage-first heap   total 518144K, used 441296K [0x0000000704400000, 0x0000000800000000)
  region size 2048K, 6 young (12288K), 6 survivors (12288K)
 Metaspace       used 17714K, committed 17984K, reserved 1114112K
  class space    used 1846K, committed 1984K, reserved 1048576K
}
Event: 13.607 GC heap before
{Heap before GC invocations=17 (full 0):
 garbage-first heap   total 518144K, used 441296K [0x0000000704400000, 0x0000000800000000)
  region size 2048K, 7 young (14336K), 6 survivors (12288K)
 Metaspace       used 17716K, committed 17984K, reserved 1114112K
  class space    used 1846K, committed 1984K, reserved 1048576K
}
Event: 13.608 GC heap after
{Heap after GC invocations=18 (full 0):
 garbage-first heap   total 518144K, used 441520K [0x0000000704400000, 0x0000000800000000)
  region size 2048K, 1 young (2048K), 1 survivors (2048K)
 Metaspace       used 17716K, committed 17984K, reserved 1114112K
  class space    used 1846K, committed 1984K, reserved 1048576K
}

